<?xml version="1.0" encoding="UTF-8"?>
<!-- Generated by org.testng.reporters.JUnitXMLReporter -->
<testsuite hostname="Admin" ignored="0" name="FirefoxTest" tests="1" failures="0" timestamp="06 Feb 2018 00:00:19 GMT" time="78.78" errors="0">
  <testcase name="@BeforeTest launchapp" time="4.292" classname="seleniumpack.multiBrowserTesting">
    <failure type="java.lang.IllegalStateException" message="The driver executable does not exist: D:\chromedriver.exe">
      <![CDATA[java.lang.IllegalStateException: The driver executable does not exist: D:\chromedriver.exe
	at com.google.common.base.Preconditions.checkState(Preconditions.java:199)
	at org.openqa.selenium.remote.service.DriverService.checkExecutable(DriverService.java:121)
	at org.openqa.selenium.remote.service.DriverService.findExecutable(DriverService.java:116)
	at org.openqa.selenium.chrome.ChromeDriverService.access$0(ChromeDriverService.java:1)
	at org.openqa.selenium.chrome.ChromeDriverService$Builder.findDefaultExecutable(ChromeDriverService.java:137)
	at org.openqa.selenium.remote.service.DriverService$Builder.build(DriverService.java:296)
	at org.openqa.selenium.chrome.ChromeDriverService.createDefaultService(ChromeDriverService.java:88)
	at org.openqa.selenium.chrome.ChromeDriver.<init>(ChromeDriver.java:116)
	at seleniumpack.multiBrowserTesting.launchapp(multiBrowserTesting.java:27)
	at java.util.concurrent.FutureTask.run(Unknown Source)
	at java.util.concurrent.ThreadPoolExecutor.runWorker(Unknown Source)
	at java.util.concurrent.ThreadPoolExecutor$Worker.run(Unknown Source)
	at java.lang.Thread.run(Unknown Source)
... Removed 14 stack frames]]>
    </failure>
  </testcase> <!-- @BeforeTest launchapp -->
  <testcase name="@AfterTest closeBrowser" time="0.0" classname="seleniumpack.multiBrowserTesting">
    <skipped/>
  </testcase> <!-- @AfterTest closeBrowser -->
  <testcase name="@BeforeTest launchapp" time="78.626" classname="seleniumpack.multiBrowserTesting">
    <failure type="org.openqa.selenium.WebDriverException" message="Failed to connect to binary FirefoxBinary(C:\Program Files\Mozilla Firefox\firefox.exe) on port 7055; process output follows: 
ode.com in app-profile
1517875194592	addons.xpi	INFO	Mapping activity-stream@mozilla.org to C:\Program Files\Mozilla Firefox\browser\features\activity-stream@mozilla.org.xpi
1517875194594	addons.xpi	INFO	Mapping aushelper@mozilla.org to C:\Program Files\Mozilla Firefox\browser\features\aushelper@mozilla.org.xpi
1517875194595	addons.xpi	INFO	Mapping clicktoplay-rollout@mozilla.org to C:\Program Files\Mozilla Firefox\browser\features\clicktoplay-rollout@mozilla.org.xpi
1517875194596	addons.xpi	INFO	Mapping e10srollout@mozilla.org to C:\Program Files\Mozilla Firefox\browser\features\e10srollout@mozilla.org.xpi
1517875194599	addons.xpi	INFO	Mapping firefox@getpocket.com to C:\Program Files\Mozilla Firefox\browser\features\firefox@getpocket.com.xpi
1517875194602	addons.xpi	INFO	Mapping followonsearch@mozilla.com to C:\Program Files\Mozilla Firefox\browser\features\followonsearch@mozilla.com.xpi
1517875194603	addons.xpi	INFO	Mapping formautofill@mozilla.org to C:\Program Files\Mozilla Firefox\browser\features\formautofill@mozilla.org.xpi
1517875194604	addons.xpi	INFO	Mapping onboarding@mozilla.org to C:\Program Files\Mozilla Firefox\browser\features\onboarding@mozilla.org.xpi
1517875194606	addons.xpi	INFO	Mapping screenshots@mozilla.org to C:\Program Files\Mozilla Firefox\browser\features\screenshots@mozilla.org.xpi
1517875194607	addons.xpi	INFO	Mapping shield-recipe-client@mozilla.org to C:\Program Files\Mozilla Firefox\browser\features\shield-recipe-client@mozilla.org.xpi
1517875194608	addons.xpi	INFO	Mapping webcompat@mozilla.org to C:\Program Files\Mozilla Firefox\browser\features\webcompat@mozilla.org.xpi
1517875194612	addons.xpi	DEBUG	Existing add-on activity-stream@mozilla.org in app-system-defaults
1517875194614	addons.xpi	DEBUG	Existing add-on aushelper@mozilla.org in app-system-defaults
1517875194618	addons.xpi	DEBUG	Existing add-on clicktoplay-rollout@mozilla.org in app-system-defaults
1517875194620	addons.xpi	DEBUG	Existing add-on e10srollout@mozilla.org in app-system-defaults
1517875194622	addons.xpi	DEBUG	Existing add-on firefox@getpocket.com in app-system-defaults
1517875194626	addons.xpi	DEBUG	Existing add-on followonsearch@mozilla.com in app-system-defaults
1517875194627	addons.xpi	DEBUG	Existing add-on formautofill@mozilla.org in app-system-defaults
1517875194629	addons.xpi	DEBUG	Existing add-on onboarding@mozilla.org in app-system-defaults
1517875194631	addons.xpi	DEBUG	Existing add-on screenshots@mozilla.org in app-system-defaults
1517875194634	addons.xpi	DEBUG	Existing add-on shield-recipe-client@mozilla.org in app-system-defaults
1517875194639	addons.xpi	DEBUG	Existing add-on webcompat@mozilla.org in app-system-defaults
1517875194674	addons.xpi	INFO	Mapping {972ce4c6-7e08-4474-a285-3208198ce6fd} to C:\Program Files\Mozilla Firefox\browser\extensions\{972ce4c6-7e08-4474-a285-3208198ce6fd}.xpi
1517875194677	addons.xpi	DEBUG	Existing add-on {972ce4c6-7e08-4474-a285-3208198ce6fd} in app-global
1517875194678	addons.xpi	DEBUG	getInstallState changed: false, state: {}
Unable to read VR Path Registry from C:\Users\welcome\AppData\Local\openvr\openvrpaths.vrpath
[Child 9088] WARNING: pipe error: 109: file z:/build/build/src/ipc/chromium/src/chrome/common/ipc_channel_win.cc, line 346
[Child 9088] WARNING: pipe error: 109: file z:/build/build/src/ipc/chromium/src/chrome/common/ipc_channel_win.cc, line 346
1517875200535	addons.productaddons	INFO	sending request to: https://aus5.mozilla.org/update/3/GMP/56.0.2/20171024165158/WINNT_x86_64-msvc-x64/en-US/release/Windows_NT%206.3.0.0%20(x64)/default/default/update.xml
1517875202175	addons.productaddons	INFO	Completed downloading document
1517875210274	addons.productaddons	INFO	downloadXHR File download. status=200
1517875210374	addons.productaddons	INFO	Downloaded file will be saved to C:\Users\welcome\AppData\Local\Temp\tmpaddon-1c4de3
1517875214716	addons.productaddons	INFO	downloadXHR File download. status=200
1517875214728	addons.productaddons	INFO	Downloaded file will be saved to C:\Users\welcome\AppData\Local\Temp\tmpaddon-272214

Build info: version: &amp;apos;2.53.1&amp;apos;, revision: &amp;apos;a36b8b1&amp;apos;, time: &amp;apos;2016-06-30 17:32:46&amp;apos;
System info: host: &amp;apos;Admin&amp;apos;, ip: &amp;apos;192.168.2.5&amp;apos;, os.name: &amp;apos;Windows 8.1&amp;apos;, os.arch: &amp;apos;amd64&amp;apos;, os.version: &amp;apos;6.3&amp;apos;, java.version: &amp;apos;1.8.0_144&amp;apos;
Driver info: driver.version: FirefoxDriver">
      <![CDATA[org.openqa.selenium.WebDriverException: Failed to connect to binary FirefoxBinary(C:\Program Files\Mozilla Firefox\firefox.exe) on port 7055; process output follows: 
ode.com in app-profile
1517875194592	addons.xpi	INFO	Mapping activity-stream@mozilla.org to C:\Program Files\Mozilla Firefox\browser\features\activity-stream@mozilla.org.xpi
1517875194594	addons.xpi	INFO	Mapping aushelper@mozilla.org to C:\Program Files\Mozilla Firefox\browser\features\aushelper@mozilla.org.xpi
1517875194595	addons.xpi	INFO	Mapping clicktoplay-rollout@mozilla.org to C:\Program Files\Mozilla Firefox\browser\features\clicktoplay-rollout@mozilla.org.xpi
1517875194596	addons.xpi	INFO	Mapping e10srollout@mozilla.org to C:\Program Files\Mozilla Firefox\browser\features\e10srollout@mozilla.org.xpi
1517875194599	addons.xpi	INFO	Mapping firefox@getpocket.com to C:\Program Files\Mozilla Firefox\browser\features\firefox@getpocket.com.xpi
1517875194602	addons.xpi	INFO	Mapping followonsearch@mozilla.com to C:\Program Files\Mozilla Firefox\browser\features\followonsearch@mozilla.com.xpi
1517875194603	addons.xpi	INFO	Mapping formautofill@mozilla.org to C:\Program Files\Mozilla Firefox\browser\features\formautofill@mozilla.org.xpi
1517875194604	addons.xpi	INFO	Mapping onboarding@mozilla.org to C:\Program Files\Mozilla Firefox\browser\features\onboarding@mozilla.org.xpi
1517875194606	addons.xpi	INFO	Mapping screenshots@mozilla.org to C:\Program Files\Mozilla Firefox\browser\features\screenshots@mozilla.org.xpi
1517875194607	addons.xpi	INFO	Mapping shield-recipe-client@mozilla.org to C:\Program Files\Mozilla Firefox\browser\features\shield-recipe-client@mozilla.org.xpi
1517875194608	addons.xpi	INFO	Mapping webcompat@mozilla.org to C:\Program Files\Mozilla Firefox\browser\features\webcompat@mozilla.org.xpi
1517875194612	addons.xpi	DEBUG	Existing add-on activity-stream@mozilla.org in app-system-defaults
1517875194614	addons.xpi	DEBUG	Existing add-on aushelper@mozilla.org in app-system-defaults
1517875194618	addons.xpi	DEBUG	Existing add-on clicktoplay-rollout@mozilla.org in app-system-defaults
1517875194620	addons.xpi	DEBUG	Existing add-on e10srollout@mozilla.org in app-system-defaults
1517875194622	addons.xpi	DEBUG	Existing add-on firefox@getpocket.com in app-system-defaults
1517875194626	addons.xpi	DEBUG	Existing add-on followonsearch@mozilla.com in app-system-defaults
1517875194627	addons.xpi	DEBUG	Existing add-on formautofill@mozilla.org in app-system-defaults
1517875194629	addons.xpi	DEBUG	Existing add-on onboarding@mozilla.org in app-system-defaults
1517875194631	addons.xpi	DEBUG	Existing add-on screenshots@mozilla.org in app-system-defaults
1517875194634	addons.xpi	DEBUG	Existing add-on shield-recipe-client@mozilla.org in app-system-defaults
1517875194639	addons.xpi	DEBUG	Existing add-on webcompat@mozilla.org in app-system-defaults
1517875194674	addons.xpi	INFO	Mapping {972ce4c6-7e08-4474-a285-3208198ce6fd} to C:\Program Files\Mozilla Firefox\browser\extensions\{972ce4c6-7e08-4474-a285-3208198ce6fd}.xpi
1517875194677	addons.xpi	DEBUG	Existing add-on {972ce4c6-7e08-4474-a285-3208198ce6fd} in app-global
1517875194678	addons.xpi	DEBUG	getInstallState changed: false, state: {}
Unable to read VR Path Registry from C:\Users\welcome\AppData\Local\openvr\openvrpaths.vrpath
[Child 9088] WARNING: pipe error: 109: file z:/build/build/src/ipc/chromium/src/chrome/common/ipc_channel_win.cc, line 346
[Child 9088] WARNING: pipe error: 109: file z:/build/build/src/ipc/chromium/src/chrome/common/ipc_channel_win.cc, line 346
1517875200535	addons.productaddons	INFO	sending request to: https://aus5.mozilla.org/update/3/GMP/56.0.2/20171024165158/WINNT_x86_64-msvc-x64/en-US/release/Windows_NT%206.3.0.0%20(x64)/default/default/update.xml
1517875202175	addons.productaddons	INFO	Completed downloading document
1517875210274	addons.productaddons	INFO	downloadXHR File download. status=200
1517875210374	addons.productaddons	INFO	Downloaded file will be saved to C:\Users\welcome\AppData\Local\Temp\tmpaddon-1c4de3
1517875214716	addons.productaddons	INFO	downloadXHR File download. status=200
1517875214728	addons.productaddons	INFO	Downloaded file will be saved to C:\Users\welcome\AppData\Local\Temp\tmpaddon-272214

Build info: version: '2.53.1', revision: 'a36b8b1', time: '2016-06-30 17:32:46'
System info: host: 'Admin', ip: '192.168.2.5', os.name: 'Windows 8.1', os.arch: 'amd64', os.version: '6.3', java.version: '1.8.0_144'
Driver info: driver.version: FirefoxDriver
	at org.openqa.selenium.firefox.internal.NewProfileExtensionConnection.start(NewProfileExtensionConnection.java:124)
	at org.openqa.selenium.firefox.FirefoxDriver.startClient(FirefoxDriver.java:271)
	at org.openqa.selenium.remote.RemoteWebDriver.<init>(RemoteWebDriver.java:119)
	at org.openqa.selenium.firefox.FirefoxDriver.<init>(FirefoxDriver.java:218)
	at org.openqa.selenium.firefox.FirefoxDriver.<init>(FirefoxDriver.java:211)
	at org.openqa.selenium.firefox.FirefoxDriver.<init>(FirefoxDriver.java:207)
	at org.openqa.selenium.firefox.FirefoxDriver.<init>(FirefoxDriver.java:120)
	at seleniumpack.multiBrowserTesting.launchapp(multiBrowserTesting.java:20)
	at java.util.concurrent.FutureTask.run(Unknown Source)
	at java.util.concurrent.ThreadPoolExecutor.runWorker(Unknown Source)
	at java.util.concurrent.ThreadPoolExecutor$Worker.run(Unknown Source)
	at java.lang.Thread.run(Unknown Source)
Caused by: org.openqa.selenium.firefox.NotConnectedException: Unable to connect to host 127.0.0.1 on port 7055 after 45000 ms. Firefox console output:
ode.com in app-profile
1517875194592	addons.xpi	INFO	Mapping activity-stream@mozilla.org to C:\Program Files\Mozilla Firefox\browser\features\activity-stream@mozilla.org.xpi
1517875194594	addons.xpi	INFO	Mapping aushelper@mozilla.org to C:\Program Files\Mozilla Firefox\browser\features\aushelper@mozilla.org.xpi
1517875194595	addons.xpi	INFO	Mapping clicktoplay-rollout@mozilla.org to C:\Program Files\Mozilla Firefox\browser\features\clicktoplay-rollout@mozilla.org.xpi
1517875194596	addons.xpi	INFO	Mapping e10srollout@mozilla.org to C:\Program Files\Mozilla Firefox\browser\features\e10srollout@mozilla.org.xpi
1517875194599	addons.xpi	INFO	Mapping firefox@getpocket.com to C:\Program Files\Mozilla Firefox\browser\features\firefox@getpocket.com.xpi
1517875194602	addons.xpi	INFO	Mapping followonsearch@mozilla.com to C:\Program Files\Mozilla Firefox\browser\features\followonsearch@mozilla.com.xpi
1517875194603	addons.xpi	INFO	Mapping formautofill@mozilla.org to C:\Program Files\Mozilla Firefox\browser\features\formautofill@mozilla.org.xpi
1517875194604	addons.xpi	INFO	Mapping onboarding@mozilla.org to C:\Program Files\Mozilla Firefox\browser\features\onboarding@mozilla.org.xpi
1517875194606	addons.xpi	INFO	Mapping screenshots@mozilla.org to C:\Program Files\Mozilla Firefox\browser\features\screenshots@mozilla.org.xpi
1517875194607	addons.xpi	INFO	Mapping shield-recipe-client@mozilla.org to C:\Program Files\Mozilla Firefox\browser\features\shield-recipe-client@mozilla.org.xpi
1517875194608	addons.xpi	INFO	Mapping webcompat@mozilla.org to C:\Program Files\Mozilla Firefox\browser\features\webcompat@mozilla.org.xpi
1517875194612	addons.xpi	DEBUG	Existing add-on activity-stream@mozilla.org in app-system-defaults
1517875194614	addons.xpi	DEBUG	Existing add-on aushelper@mozilla.org in app-system-defaults
1517875194618	addons.xpi	DEBUG	Existing add-on clicktoplay-rollout@mozilla.org in app-system-defaults
1517875194620	addons.xpi	DEBUG	Existing add-on e10srollout@mozilla.org in app-system-defaults
1517875194622	addons.xpi	DEBUG	Existing add-on firefox@getpocket.com in app-system-defaults
1517875194626	addons.xpi	DEBUG	Existing add-on followonsearch@mozilla.com in app-system-defaults
1517875194627	addons.xpi	DEBUG	Existing add-on formautofill@mozilla.org in app-system-defaults
1517875194629	addons.xpi	DEBUG	Existing add-on onboarding@mozilla.org in app-system-defaults
1517875194631	addons.xpi	DEBUG	Existing add-on screenshots@mozilla.org in app-system-defaults
1517875194634	addons.xpi	DEBUG	Existing add-on shield-recipe-client@mozilla.org in app-system-defaults
1517875194639	addons.xpi	DEBUG	Existing add-on webcompat@mozilla.org in app-system-defaults
1517875194674	addons.xpi	INFO	Mapping {972ce4c6-7e08-4474-a285-3208198ce6fd} to C:\Program Files\Mozilla Firefox\browser\extensions\{972ce4c6-7e08-4474-a285-3208198ce6fd}.xpi
1517875194677	addons.xpi	DEBUG	Existing add-on {972ce4c6-7e08-4474-a285-3208198ce6fd} in app-global
1517875194678	addons.xpi	DEBUG	getInstallState changed: false, state: {}
Unable to read VR Path Registry from C:\Users\welcome\AppData\Local\openvr\openvrpaths.vrpath
[Child 9088] WARNING: pipe error: 109: file z:/build/build/src/ipc/chromium/src/chrome/common/ipc_channel_win.cc, line 346
[Child 9088] WARNING: pipe error: 109: file z:/build/build/src/ipc/chromium/src/chrome/common/ipc_channel_win.cc, line 346
1517875200535	addons.productaddons	INFO	sending request to: https://aus5.mozilla.org/update/3/GMP/56.0.2/20171024165158/WINNT_x86_64-msvc-x64/en-US/release/Windows_NT%206.3.0.0%20(x64)/default/default/update.xml
1517875202175	addons.productaddons	INFO	Completed downloading document
1517875210274	addons.productaddons	INFO	downloadXHR File download. status=200
1517875210374	addons.productaddons	INFO	Downloaded file will be saved to C:\Users\welcome\AppData\Local\Temp\tmpaddon-1c4de3
1517875214716	addons.productaddons	INFO	downloadXHR File download. status=200
1517875214728	addons.productaddons	INFO	Downloaded file will be saved to C:\Users\welcome\AppData\Local\Temp\tmpaddon-272214

	at org.openqa.selenium.firefox.internal.NewProfileExtensionConnection.start(NewProfileExtensionConnection.java:112)
	... 25 more
... Removed 14 stack frames]]>
    </failure>
  </testcase> <!-- @BeforeTest launchapp -->
  <testcase name="@AfterTest closeBrowser" time="0.0" classname="seleniumpack.multiBrowserTesting">
    <skipped/>
  </testcase> <!-- @AfterTest closeBrowser -->
  <testcase name="calculatepercent" time="0.0" classname="seleniumpack.multiBrowserTesting">
    <skipped/>
  </testcase> <!-- calculatepercent -->
</testsuite> <!-- FirefoxTest -->
