<?xml version="1.0" encoding="UTF-8"?>
<testng-results skipped="0" failed="0" ignored="0" total="1" passed="1">
  <reporter-output>
  </reporter-output>
  <suite name="Default suite" duration-ms="56342" started-at="2018-12-16T09:31:54Z" finished-at="2018-12-16T09:32:50Z">
    <groups>
    </groups>
    <test name="Default test" duration-ms="56342" started-at="2018-12-16T09:31:54Z" finished-at="2018-12-16T09:32:50Z">
      <class name="seleniumScript.ScreenshotDemo">
        <test-method status="PASS" signature="setUp()[pri:0, instance:seleniumScript.ScreenshotDemo@78e67e0a]" name="setUp" is-config="true" duration-ms="21050" started-at="2018-12-16T09:31:54Z" finished-at="2018-12-16T09:32:15Z">
          <reporter-output>
          </reporter-output>
        </test-method> <!-- setUp -->
        <test-method status="PASS" signature="testScreenshot()[pri:0, instance:seleniumScript.ScreenshotDemo@78e67e0a]" name="testScreenshot" duration-ms="33453" started-at="2018-12-16T09:32:15Z" finished-at="2018-12-16T09:32:48Z">
          <reporter-output>
          </reporter-output>
        </test-method> <!-- testScreenshot -->
        <test-method status="PASS" signature="tearDown()[pri:0, instance:seleniumScript.ScreenshotDemo@78e67e0a]" name="tearDown" is-config="true" duration-ms="1722" started-at="2018-12-16T09:32:48Z" finished-at="2018-12-16T09:32:50Z">
          <reporter-output>
          </reporter-output>
        </test-method> <!-- tearDown -->
      </class> <!-- seleniumScript.ScreenshotDemo -->
    </test> <!-- Default test -->
  </suite> <!-- Default suite -->
</testng-results>
